<?xml version="1.0" encoding="utf-8"?><testsuites name="pytest tests"><testsuite name="pytest" errors="0" failures="1" skipped="0" tests="4" time="1.273" timestamp="2026-08-21T04:25:26.518991+00:00" hostname="agent-env-10133b80-42e1-4480-9a23-9557d44397a1"><testcase classname="tests.test_tech_sick_api" name="test_health_endpoint" time="0.271" /><testcase classname="tests.test_tech_sick_api" name="test_analyze_rejects_malformed_profile_input" time="0.087" /><testcase classname="tests.test_tech_sick_api" name="test_analyze_rejects_non_instagram_profile_host" time="0.186"><failure message="assert 503 == 400&#10; +  where 503 = &lt;Response [503]&gt;.status_code">backend/tests/test_tech_sick_api.py:36: in test_analyze_rejects_non_instagram_profile_host
    assert response.status_code == 400
E   assert 503 == 400
E    +  where 503 = &lt;Response [503]&gt;.status_code</failure></testcase><testcase classname="tests.test_tech_sick_api" name="test_analyze_reports_missing_apify_token" time="0.071" /></testsuite></testsuites>