<?xml version="1.0" encoding="utf-8"?><testsuites name="pytest tests"><testsuite name="pytest" errors="0" failures="0" skipped="0" tests="4" time="1.089" timestamp="2026-08-21T04:26:59.637855+00:00" hostname="agent-env-10133b80-42e1-4480-9a23-9557d44397a1"><testcase classname="tests.test_tech_sick_api" name="test_health_endpoint" time="0.256" /><testcase classname="tests.test_tech_sick_api" name="test_analyze_rejects_malformed_profile_input" time="0.079" /><testcase classname="tests.test_tech_sick_api" name="test_analyze_rejects_non_instagram_profile_host" time="0.085" /><testcase classname="tests.test_tech_sick_api" name="test_analyze_reports_missing_apify_token" time="0.085" /></testsuite></testsuites>