<?xml version="1.0" encoding="utf-8"?><testsuites name="pytest tests"><testsuite name="pytest" errors="0" failures="0" skipped="0" tests="4" time="25.822" timestamp="2026-08-21T04:47:32.472652+00:00" hostname="agent-env-10133b80-42e1-4480-9a23-9557d44397a1"><testcase classname="tests.test_tech_sick_api" name="test_health_endpoint" time="0.132" /><testcase classname="tests.test_tech_sick_api" name="test_analyze_rejects_malformed_profile_input" time="0.103" /><testcase classname="tests.test_tech_sick_api" name="test_analyze_rejects_non_instagram_profile_host" time="0.068" /><testcase classname="tests.test_tech_sick_api" name="test_analyze_live_profile_returns_profile_intelligence" time="24.875" /></testsuite></testsuites>